0 info it worked if it ends with ok
1 verbose cli [ 'F:\\Program Files\\node.exe',
1 verbose cli   'F:\\Program Files\\node_modules\\npm\\bin\\npm-cli.js',
1 verbose cli   'start' ]
2 info using npm@2.15.1
3 info using node@v4.4.4
4 verbose run-script [ 'prestart', 'start', 'poststart' ]
5 info prestart map-path-selection@0.0.0
6 verbose unsafe-perm in lifecycle true
7 info start map-path-selection@0.0.0
8 verbose unsafe-perm in lifecycle true
9 info map-path-selection@0.0.0 Failed to exec start script
10 verbose stack Error: map-path-selection@0.0.0 start: `http-server ./public -a localhost -p 8000 -c-1`
10 verbose stack Exit status 1
10 verbose stack     at EventEmitter.<anonymous> (F:\Program Files\node_modules\npm\lib\utils\lifecycle.js:217:16)
10 verbose stack     at emitTwo (events.js:87:13)
10 verbose stack     at EventEmitter.emit (events.js:172:7)
10 verbose stack     at ChildProcess.<anonymous> (F:\Program Files\node_modules\npm\lib\utils\spawn.js:24:14)
10 verbose stack     at emitTwo (events.js:87:13)
10 verbose stack     at ChildProcess.emit (events.js:172:7)
10 verbose stack     at maybeClose (internal/child_process.js:827:16)
10 verbose stack     at Process.ChildProcess._handle.onexit (internal/child_process.js:211:5)
11 verbose pkgid map-path-selection@0.0.0
12 verbose cwd F:\projects\funboxtest
13 error Windows_NT 6.1.7601
14 error argv "F:\\Program Files\\node.exe" "F:\\Program Files\\node_modules\\npm\\bin\\npm-cli.js" "start"
15 error node v4.4.4
16 error npm  v2.15.1
17 error code ELIFECYCLE
18 error map-path-selection@0.0.0 start: `http-server ./public -a localhost -p 8000 -c-1`
18 error Exit status 1
19 error Failed at the map-path-selection@0.0.0 start script 'http-server ./public -a localhost -p 8000 -c-1'.
19 error This is most likely a problem with the map-path-selection package,
19 error not with npm itself.
19 error Tell the author that this fails on your system:
19 error     http-server ./public -a localhost -p 8000 -c-1
19 error You can get information on how to open an issue for this project with:
19 error     npm bugs map-path-selection
19 error Or if that isn't available, you can get their info via:
19 error
19 error     npm owner ls map-path-selection
19 error There is likely additional logging output above.
20 verbose exit [ 1, true ]
